<?xml version="1.0" encoding="UTF-8"?>
<!-- Generated by org.testng.reporters.JUnitReportReporter -->
<testsuite hostname="DESKTOP-K7CIP8L" failures="0" tests="3" name="listners.TestNGMultibrowserDemo" time="27.126" errors="0" timestamp="2020-05-03T23:52:26 BST" skipped="0">
  <testcase classname="listners.TestNGMultibrowserDemo" name="test1" time="13.082"/>
  <system-out/>
  <testcase classname="listners.TestNGMultibrowserDemo" name="test1" time="6.509"/>
  <system-out/>
  <testcase classname="listners.TestNGMultibrowserDemo" name="test1" time="7.535"/>
  <system-out/>
</testsuite> <!-- listners.TestNGMultibrowserDemo -->
