<?xml version="1.0" encoding="UTF-8"?>
<!-- Generated by org.testng.reporters.JUnitReportReporter -->
<testsuite hostname="DESKTOP-K7CIP8L" failures="0" tests="1" name="listners.TestNGParametersDemo" time="0.011" errors="0" timestamp="2020-05-04T02:04:21 BST" skipped="0">
  <testcase classname="listners.TestNGParametersDemo" name="test" time="0.011"/>
  <system-out/>
</testsuite> <!-- listners.TestNGParametersDemo -->
