<?xml version="1.0" encoding="UTF-8"?>
<!-- Generated by org.testng.reporters.JUnitReportReporter -->
<testsuite hostname="DESKTOP-K7CIP8L" failures="0" tests="3" name="listners.TestNGListnersDemo2" time="0.015" errors="0" timestamp="2020-05-03T01:01:34 BST" skipped="1">
  <testcase classname="listners.TestNGListnersDemo2" name="test4" time="0.008"/>
  <system-out/>
  <testcase classname="listners.TestNGListnersDemo2" name="test6" time="0.005">
    <skipped/>
  </testcase> <!-- test6 -->
  <system-out/>
  <testcase classname="listners.TestNGListnersDemo2" name="test5" time="0.002"/>
  <system-out/>
</testsuite> <!-- listners.TestNGListnersDemo2 -->
