<?xml version="1.0" encoding="UTF-8"?>
<!-- Generated by org.testng.reporters.JUnitReportReporter -->
<testsuite hostname="DESKTOP-K7CIP8L" failures="0" tests="4" name="listners.TestNGGroupsDemo" time="0.015" errors="0" timestamp="2020-05-04T01:53:50 BST" skipped="0">
  <testcase classname="listners.TestNGGroupsDemo" name="test3" time="0.001"/>
  <system-out/>
  <testcase classname="listners.TestNGGroupsDemo" name="test1" time="0.011"/>
  <system-out/>
  <testcase classname="listners.TestNGGroupsDemo" name="test4" time="0.001"/>
  <system-out/>
  <testcase classname="listners.TestNGGroupsDemo" name="test2" time="0.002"/>
  <system-out/>
</testsuite> <!-- listners.TestNGGroupsDemo -->
