<?xml version="1.0" encoding="UTF-8"?>
<!-- Generated by org.testng.reporters.JUnitReportReporter -->
<testsuite hostname="DESKTOP-K7CIP8L" failures="0" tests="2" name="listners.TestNGIgnoreDemo" time="0.013" errors="0" timestamp="2020-05-04T08:29:16 BST" skipped="1">
  <testcase classname="listners.TestNGIgnoreDemo" name="test2" time="0.013"/>
  <system-out/>
  <testcase classname="listners.TestNGIgnoreDemo" name="test1">
    <skipped/>
  </testcase> <!-- test1 -->
  <system-out/>
</testsuite> <!-- listners.TestNGIgnoreDemo -->
