<?xml version="1.0" encoding="UTF-8"?>
<!-- Generated by org.testng.reporters.JUnitReportReporter -->
<testsuite hostname="DESKTOP-K7CIP8L" failures="0" tests="3" name="listners.TestNGPriorityDemo" time="0.016" errors="0" timestamp="2020-05-03T01:10:38 BST" skipped="0">
  <testcase classname="listners.TestNGPriorityDemo" name="test2" time="0.012"/>
  <system-out/>
  <testcase classname="listners.TestNGPriorityDemo" name="test3" time="0.002"/>
  <system-out/>
  <testcase classname="listners.TestNGPriorityDemo" name="test1" time="0.002"/>
  <system-out/>
</testsuite> <!-- listners.TestNGPriorityDemo -->
