<?xml version="1.0" encoding="UTF-8"?>
<!-- Generated by org.testng.reporters.JUnitReportReporter -->
<testsuite hostname="DESKTOP-K7CIP8L" failures="0" tests="1" name="newSeleniumTests.TestNGDemoTest2" time="12.439" errors="0" timestamp="2020-04-19T18:42:57 BST" skipped="0">
  <testcase classname="newSeleniumTests.TestNGDemoTest2" name="googlesearch3" time="12.439"/>
  <system-out/>
</testsuite> <!-- newSeleniumTests.TestNGDemoTest2 -->
