<?xml version="1.0" encoding="UTF-8"?>
<!-- Generated by org.testng.reporters.JUnitReportReporter -->
<testsuite hostname="DESKTOP-K7CIP8L" failures="0" tests="4" name="listners.TestNGDependenciesDeo" time="0.014" errors="0" timestamp="2020-05-04T08:26:03 BST" skipped="0">
  <testcase classname="listners.TestNGDependenciesDeo" name="test4" time="0.001"/>
  <system-out/>
  <testcase classname="listners.TestNGDependenciesDeo" name="test1" time="0.001"/>
  <system-out/>
  <testcase classname="listners.TestNGDependenciesDeo" name="test2" time="0.010"/>
  <system-out/>
  <testcase classname="listners.TestNGDependenciesDeo" name="test3" time="0.002"/>
  <system-out/>
</testsuite> <!-- listners.TestNGDependenciesDeo -->
